0 info it worked if it ends with ok
1 verbose cli [ 'C:\\Program Files\\nodejs\\\\node.exe',
1 verbose cli   'C:\\Program Files\\nodejs\\node_modules\\npm\\bin\\npm-cli.js',
1 verbose cli   'publish',
1 verbose cli   '-force' ]
2 info using npm@1.2.11
3 info using node@v0.8.20
4 verbose node symlink C:\Program Files\nodejs\\node.exe
5 warn using --force I sure hope you know what you are doing.
6 verbose publish [ '.' ]
7 verbose read json D:\GitHub\uitest\bin\package.json
8 verbose cache add [ '.', null ]
9 verbose cache add name=undefined spec="." args=[".",null]
10 verbose parsed url { pathname: '.', path: '.', href: '.' }
11 silly lockFile 3a52ce78- .
12 verbose lock . C:\Users\bofei.zq\AppData\Roaming\npm-cache\3a52ce78-.lock
13 verbose read json package.json
14 silly lockFile 3a52ce78- .
15 silly lockFile 3a52ce78- .
16 error addLocal Could not install .
17 error Error: ENOENT, open 'D:\GitHub\uitest\bin\package.json'
18 error If you need help, you may report this log at:
18 error     <http://github.com/isaacs/npm/issues>
18 error or email it to:
18 error     <npm-@googlegroups.com>
19 error System Windows_NT 6.1.7601
20 error command "C:\\Program Files\\nodejs\\\\node.exe" "C:\\Program Files\\nodejs\\node_modules\\npm\\bin\\npm-cli.js" "publish" "-force"
21 error cwd D:\GitHub\uitest\bin
22 error node -v v0.8.20
23 error npm -v 1.2.11
24 error path D:\GitHub\uitest\bin\package.json
25 error code ENOENT
26 error errno 34
27 verbose exit [ 34, true ]
